# JRE version: Java(TM) SE Runtime Environment (17.0.12+8) (build 17.0.12+8-LTS-286)
# Java VM: Java HotSpot(TM) 64-Bit Server VM (17.0.12+8-LTS-286, mixed mode, emulated-client, sharing, tiered, compressed oops, compressed class ptrs, g1 gc, windows-amd64)
GC Precious Log:
 CPUs: 4 total, 4 available
 Memory: 6073M
 Large Page Support: Disabled
 NUMA Support: Disabled
 Compressed Oops: Enabled (32-bit)
 Heap Region Size: 1M
 Heap Min Capacity: 8M
 Heap Initial Capacity: 96M
 Heap Max Capacity: 1520M
 Pre-touch: Disabled
 Parallel Workers: 4
 Concurrent Workers: 1
 Concurrent Refinement Workers: 4
 Periodic GC: Disabled
Heap:
 garbage-first heap   total 51200K, used 34856K [0x00000000a1000000, 0x0000000100000000)
  region size 1024K, 10 young (10240K), 2 survivors (2048K)
 Metaspace       used 63780K, committed 64384K, reserved 1114112K
  class space    used 9268K, committed 9536K, reserved 1048576K
GC Heap History (20 events):
Event: 8.591 GC heap before
{Heap before GC invocations=10 (full 0):
 garbage-first heap   total 51200K, used 37056K [0x00000000a1000000, 0x0000000100000000)
  region size 1024K, 20 young (20480K), 2 survivors (2048K)
 Metaspace       used 35167K, committed 35648K, reserved 1114112K
  class space    used 4870K, committed 5056K, reserved 1048576K
}
Event: 8.594 GC heap after
{Heap after GC invocations=11 (full 0):
 garbage-first heap   total 51200K, used 20378K [0x00000000a1000000, 0x0000000100000000)
  region size 1024K, 1 young (1024K), 1 survivors (1024K)
 Metaspace       used 35167K, committed 35648K, reserved 1114112K
  class space    used 4870K, committed 5056K, reserved 1048576K
}
Event: 8.756 GC heap before
{Heap before GC invocations=11 (full 0):
 garbage-first heap   total 51200K, used 23450K [0x00000000a1000000, 0x0000000100000000)
  region size 1024K, 5 young (5120K), 1 survivors (1024K)
 Metaspace       used 35698K, committed 36160K, reserved 1114112K
  class space    used 4975K, committed 5184K, reserved 1048576K
}
Event: 8.758 GC heap after
{Heap after GC invocations=12 (full 0):
 garbage-first heap   total 51200K, used 20458K [0x00000000a1000000, 0x0000000100000000)
  region size 1024K, 1 young (1024K), 1 survivors (1024K)
 Metaspace       used 35698K, committed 36160K, reserved 1114112K
  class space    used 4975K, committed 5184K, reserved 1048576K
}
Event: 11.612 GC heap before
{Heap before GC invocations=13 (full 0):
 garbage-first heap   total 51200K, used 38890K [0x00000000a1000000, 0x0000000100000000)
  region size 1024K, 20 young (20480K), 1 survivors (1024K)
 Metaspace       used 42331K, committed 42880K, reserved 1114112K
  class space    used 5860K, committed 6144K, reserved 1048576K
}
Event: 11.616 GC heap after
{Heap after GC invocations=14 (full 0):
 garbage-first heap   total 51200K, used 21625K [0x00000000a1000000, 0x0000000100000000)
  region size 1024K, 3 young (3072K), 3 survivors (3072K)
 Metaspace       used 42331K, committed 42880K, reserved 1114112K
  class space    used 5860K, committed 6144K, reserved 1048576K
}
Event: 12.626 GC heap before
{Heap before GC invocations=14 (full 0):
 garbage-first heap   total 51200K, used 38009K [0x00000000a1000000, 0x0000000100000000)
  region size 1024K, 20 young (20480K), 3 survivors (3072K)
 Metaspace       used 45838K, committed 46336K, reserved 1114112K
  class space    used 6353K, committed 6592K, reserved 1048576K
}
Event: 12.630 GC heap after
{Heap after GC invocations=15 (full 0):
 garbage-first heap   total 51200K, used 22634K [0x00000000a1000000, 0x0000000100000000)
  region size 1024K, 3 young (3072K), 3 survivors (3072K)
 Metaspace       used 45838K, committed 46336K, reserved 1114112K
  class space    used 6353K, committed 6592K, reserved 1048576K
}
Event: 14.584 GC heap before
{Heap before GC invocations=15 (full 0):
 garbage-first heap   total 51200K, used 40042K [0x00000000a1000000, 0x0000000100000000)
  region size 1024K, 21 young (21504K), 3 survivors (3072K)
 Metaspace       used 51069K, committed 51584K, reserved 1114112K
  class space    used 7108K, committed 7360K, reserved 1048576K
}
Event: 14.588 GC heap after
{Heap after GC invocations=16 (full 0):
 garbage-first heap   total 51200K, used 23368K [0x00000000a1000000, 0x0000000100000000)
  region size 1024K, 2 young (2048K), 2 survivors (2048K)
 Metaspace       used 51069K, committed 51584K, reserved 1114112K
  class space    used 7108K, committed 7360K, reserved 1048576K
}
Event: 15.353 GC heap before
{Heap before GC invocations=16 (full 0):
 garbage-first heap   total 51200K, used 41800K [0x00000000a1000000, 0x0000000100000000)
  region size 1024K, 20 young (20480K), 2 survivors (2048K)
 Metaspace       used 54255K, committed 54848K, reserved 1114112K
  class space    used 7688K, committed 7936K, reserved 1048576K
}
Event: 15.355 GC heap after
{Heap after GC invocations=17 (full 0):
 garbage-first heap   total 51200K, used 23964K [0x00000000a1000000, 0x0000000100000000)
  region size 1024K, 2 young (2048K), 2 survivors (2048K)
 Metaspace       used 54255K, committed 54848K, reserved 1114112K
  class space    used 7688K, committed 7936K, reserved 1048576K
}
Event: 17.693 GC heap before
{Heap before GC invocations=17 (full 0):
 garbage-first heap   total 51200K, used 40348K [0x00000000a1000000, 0x0000000100000000)
  region size 1024K, 19 young (19456K), 2 survivors (2048K)
 Metaspace       used 58159K, committed 58752K, reserved 1114112K
  class space    used 8232K, committed 8512K, reserved 1048576K
}
Event: 17.697 GC heap after
{Heap after GC invocations=18 (full 0):
 garbage-first heap   total 51200K, used 24898K [0x00000000a1000000, 0x0000000100000000)
  region size 1024K, 3 young (3072K), 3 survivors (3072K)
 Metaspace       used 58159K, committed 58752K, reserved 1114112K
  class space    used 8232K, committed 8512K, reserved 1048576K
}
Event: 19.007 GC heap before
{Heap before GC invocations=19 (full 0):
 garbage-first heap   total 51200K, used 40258K [0x00000000a1000000, 0x0000000100000000)
  region size 1024K, 19 young (19456K), 3 survivors (3072K)
 Metaspace       used 60536K, committed 61056K, reserved 1114112K
  class space    used 8601K, committed 8832K, reserved 1048576K
}
Event: 19.011 GC heap after
{Heap after GC invocations=20 (full 0):
 garbage-first heap   total 51200K, used 26448K [0x00000000a1000000, 0x0000000100000000)
  region size 1024K, 3 young (3072K), 3 survivors (3072K)
 Metaspace       used 60536K, committed 61056K, reserved 1114112K
  class space    used 8601K, committed 8832K, reserved 1048576K
}
Event: 19.052 GC heap before
{Heap before GC invocations=20 (full 0):
 garbage-first heap   total 51200K, used 26448K [0x00000000a1000000, 0x0000000100000000)
  region size 1024K, 4 young (4096K), 3 survivors (3072K)
 Metaspace       used 60716K, committed 61312K, reserved 1114112K
  class space    used 8635K, committed 8896K, reserved 1048576K
}
Event: 19.057 GC heap after
{Heap after GC invocations=21 (full 0):
 garbage-first heap   total 51200K, used 26545K [0x00000000a1000000, 0x0000000100000000)
  region size 1024K, 1 young (1024K), 1 survivors (1024K)
 Metaspace       used 60716K, committed 61312K, reserved 1114112K
  class space    used 8635K, committed 8896K, reserved 1048576K
}
Event: 19.580 GC heap before
{Heap before GC invocations=21 (full 0):
 garbage-first heap   total 51200K, used 39857K [0x00000000a1000000, 0x0000000100000000)
  region size 1024K, 15 young (15360K), 1 survivors (1024K)
 Metaspace       used 63466K, committed 64064K, reserved 1114112K
  class space    used 9258K, committed 9536K, reserved 1048576K
}
Event: 19.583 GC heap after
{Heap after GC invocations=22 (full 0):
 garbage-first heap   total 51200K, used 27688K [0x00000000a1000000, 0x0000000100000000)
  region size 1024K, 2 young (2048K), 2 survivors (2048K)
 Metaspace       used 63466K, committed 64064K, reserved 1114112K
  class space    used 9258K, committed 9536K, reserved 1048576K
}

